AS_CamDemo/IPCamerDemoEYE/app/build/outputs/logs/manifest-merger-debug-report.txt
-- Merging decision tree log ---
manifest
ADDED from src/main/AndroidManifest.xml:2:1-226:12
	package
		ADDED from src/main/AndroidManifest.xml:3:5-31
		INJECTED from src/main/AndroidManifest.xml
		INJECTED from src/main/AndroidManifest.xml
	android:versionName
		ADDED from src/main/AndroidManifest.xml:5:5-30
		INJECTED from src/main/AndroidManifest.xml
		INJECTED from src/main/AndroidManifest.xml
	android:versionCode
		ADDED from src/main/AndroidManifest.xml:4:5-28
		INJECTED from src/main/AndroidManifest.xml
		INJECTED from src/main/AndroidManifest.xml
	xmlns:android
		ADDED from src/main/AndroidManifest.xml:2:11-69
uses-sdk
ADDED from src/main/AndroidManifest.xml:7:2-8:36
MERGED from [com.android.support:appcompat-v7:23.4.0] AndroidManifest.xml:21:5-23:78
MERGED from [com.android.support:animated-vector-drawable:23.4.0] AndroidManifest.xml:5:5-44
MERGED from [com.android.support:support-vector-drawable:23.4.0] AndroidManifest.xml:5:5-43
MERGED from [com.android.support:support-v4:23.4.0] AndroidManifest.xml:20:5-43
	tools:overrideLibrary
		ADDED from [com.android.support:appcompat-v7:23.4.0] AndroidManifest.xml:23:9-75
	android:targetSdkVersion
		INJECTED from src/main/AndroidManifest.xml
		INJECTED from src/main/AndroidManifest.xml
	android:minSdkVersion
		ADDED from src/main/AndroidManifest.xml:8:9-34
		INJECTED from src/main/AndroidManifest.xml
		INJECTED from src/main/AndroidManifest.xml
uses-permission#android.permission.INTERNET
ADDED from src/main/AndroidManifest.xml:11:5-12:23
	android:name
		ADDED from src/main/AndroidManifest.xml:11:22-64
uses-permission#android.permission.WRITE_EXTERNAL_STORAGE
ADDED from src/main/AndroidManifest.xml:13:5-81
	android:name
		ADDED from src/main/AndroidManifest.xml:13:22-78
uses-permission#android.permission.MOUNT_UNMOUNT_FILESYSTEMS
ADDED from src/main/AndroidManifest.xml:14:5-84
	android:name
		ADDED from src/main/AndroidManifest.xml:14:22-81
uses-permission#android.permission.RECORD_AUDIO
ADDED from src/main/AndroidManifest.xml:15:5-71
	android:name
		ADDED from src/main/AndroidManifest.xml:15:22-68
uses-permission#android.permission.VIBRATE
ADDED from src/main/AndroidManifest.xml:16:5-66
	android:name
		ADDED from src/main/AndroidManifest.xml:16:22-63
uses-permission#android.permission.CAMERA
ADDED from src/main/AndroidManifest.xml:17:5-65
	android:name
		ADDED from src/main/AndroidManifest.xml:17:22-62
uses-feature#android.hardware.camera
ADDED from src/main/AndroidManifest.xml:19:5-60
	android:name
		ADDED from src/main/AndroidManifest.xml:19:19-57
uses-feature#android.hardware.camera.autofocus
ADDED from src/main/AndroidManifest.xml:20:5-70
	android:name
		ADDED from src/main/AndroidManifest.xml:20:19-67
uses-feature# android.permission.ACCESS_WIFI_STATE 
ADDED from src/main/AndroidManifest.xml:21:5-75
	android:name
		ADDED from src/main/AndroidManifest.xml:21:19-72
uses-feature#android.permission.CHANGE_WIFI_STATE 
ADDED from src/main/AndroidManifest.xml:22:5-74
	android:name
		ADDED from src/main/AndroidManifest.xml:22:19-71
uses-feature#android.permission.WAKE_LOCK
ADDED from src/main/AndroidManifest.xml:23:5-65
	android:name
		ADDED from src/main/AndroidManifest.xml:23:19-62
uses-feature#0x00020000
ADDED from src/main/AndroidManifest.xml:24:5-26:35
	android:glEsVersion
		ADDED from src/main/AndroidManifest.xml:25:9-41
	android:required
		ADDED from src/main/AndroidManifest.xml:26:9-32
uses-permission#android.permission.CHANGE_NETWORK_STATE
ADDED from src/main/AndroidManifest.xml:28:5-29:23
	android:name
		ADDED from src/main/AndroidManifest.xml:28:22-76
uses-permission#android.permission.CHANGE_WIFI_STATE
ADDED from src/main/AndroidManifest.xml:30:5-31:23
	android:name
		ADDED from src/main/AndroidManifest.xml:30:22-73
uses-permission#android.permission.ACCESS_NETWORK_STATE
ADDED from src/main/AndroidManifest.xml:32:5-33:23
	android:name
		ADDED from src/main/AndroidManifest.xml:32:22-76
uses-permission#android.permission.ACCESS_WIFI_STATE
ADDED from src/main/AndroidManifest.xml:34:5-35:23
	android:name
		ADDED from src/main/AndroidManifest.xml:34:22-73
uses-permission#android.permission.ACCESS_COARSE_LOCATION
ADDED from src/main/AndroidManifest.xml:36:5-81
	android:name
		ADDED from src/main/AndroidManifest.xml:36:22-78
uses-permission#android.permission.READ_PHONE_STATE
ADDED from src/main/AndroidManifest.xml:38:5-75
	android:name
		ADDED from src/main/AndroidManifest.xml:38:22-72
uses-permission#android.permission.READ_EXTERNAL_STORAGE
ADDED from src/main/AndroidManifest.xml:39:5-80
	android:name
		ADDED from src/main/AndroidManifest.xml:39:22-77
application
ADDED from src/main/AndroidManifest.xml:41:5-205:19
MERGED from [com.android.support:appcompat-v7:23.4.0] AndroidManifest.xml:25:5-20
MERGED from [com.android.support:animated-vector-drawable:23.4.0] AndroidManifest.xml:7:5-20
MERGED from [com.android.support:support-vector-drawable:23.4.0] AndroidManifest.xml:7:5-20
MERGED from [com.android.support:support-v4:23.4.0] AndroidManifest.xml:22:5-20
	android:label
		ADDED from src/main/AndroidManifest.xml:43:9-41
	android:icon
		ADDED from src/main/AndroidManifest.xml:42:9-37
activity#com.ipcamera.demo.LinkCameraSettingActivity
ADDED from src/main/AndroidManifest.xml:44:9-48:55
	android:screenOrientation
		ADDED from src/main/AndroidManifest.xml:47:13-49
	android:windowSoftInputMode
		ADDED from src/main/AndroidManifest.xml:48:13-52
	android:configChanges
		ADDED from src/main/AndroidManifest.xml:45:13-63
	android:name
		ADDED from src/main/AndroidManifest.xml:46:13-71
activity#com.ipcamera.demo.AddCameraActivity
ADDED from src/main/AndroidManifest.xml:49:9-55:20
	android:screenOrientation
		ADDED from src/main/AndroidManifest.xml:53:13-49
	android:label
		ADDED from src/main/AndroidManifest.xml:51:13-39
	android:windowSoftInputMode
		ADDED from src/main/AndroidManifest.xml:54:13-52
	android:configChanges
		ADDED from src/main/AndroidManifest.xml:50:13-63
	android:name
		ADDED from src/main/AndroidManifest.xml:52:13-63
activity#com.ipcamera.demo.PlayBackTFActivity
ADDED from src/main/AndroidManifest.xml:56:9-60:20
	android:screenOrientation
		ADDED from src/main/AndroidManifest.xml:58:14-50
	android:configChanges
		ADDED from src/main/AndroidManifest.xml:57:14-64
	android:name
		ADDED from src/main/AndroidManifest.xml:59:14-65
activity#com.ipcamera.demo.PlayBackActivity
ADDED from src/main/AndroidManifest.xml:61:9-65:20
	android:screenOrientation
		ADDED from src/main/AndroidManifest.xml:64:14-51
	android:configChanges
		ADDED from src/main/AndroidManifest.xml:63:14-64
	android:name
		ADDED from src/main/AndroidManifest.xml:62:14-63
activity#com.ipcamera.demo.LocalPictureAndVideoActivity
ADDED from src/main/AndroidManifest.xml:66:9-69:20
	android:name
		ADDED from src/main/AndroidManifest.xml:67:14-75
activity#com.ipcamera.demo.SettingActivity
ADDED from src/main/AndroidManifest.xml:70:10-73:20
	android:name
		ADDED from src/main/AndroidManifest.xml:71:14-62
activity#com.ipcamera.demo.MoveNotificationActivity
ADDED from src/main/AndroidManifest.xml:75:9-78:20
	android:name
		ADDED from src/main/AndroidManifest.xml:76:13-70
activity#com.ipcamera.demo.SCameraSetPlanVideoTiming
ADDED from src/main/AndroidManifest.xml:79:9-82:20
	android:name
		ADDED from src/main/AndroidManifest.xml:80:13-71
activity#com.ipcamera.demo.SCameraSetSDTiming
ADDED from src/main/AndroidManifest.xml:84:9-87:20
	android:name
		ADDED from src/main/AndroidManifest.xml:85:13-64
activity#com.ipcamera.demo.SCameraSetPushVideoTiming
ADDED from src/main/AndroidManifest.xml:88:9-91:20
	android:name
		ADDED from src/main/AndroidManifest.xml:89:13-71
activity#com.ipcamera.demo.SettingUserActivity
ADDED from src/main/AndroidManifest.xml:92:9-95:20
	android:name
		ADDED from src/main/AndroidManifest.xml:93:14-66
activity#com.ipcamera.demo.SettingSDCardActivity
ADDED from src/main/AndroidManifest.xml:96:11-99:20
	android:name
		ADDED from src/main/AndroidManifest.xml:97:14-68
activity#com.ipcamera.demo.LocalVideoGridActivity
ADDED from src/main/AndroidManifest.xml:100:10-103:20
	android:name
		ADDED from src/main/AndroidManifest.xml:101:14-69
activity#com.ipcamera.demo.SettingDateActivity
ADDED from src/main/AndroidManifest.xml:104:10-107:20
	android:name
		ADDED from src/main/AndroidManifest.xml:105:14-66
activity#com.ipcamera.demo.SettingAlarmActivity
ADDED from src/main/AndroidManifest.xml:108:10-111:20
	android:name
		ADDED from src/main/AndroidManifest.xml:109:14-67
activity#com.ipcamera.demo.FirmwareUpdateActiviy
ADDED from src/main/AndroidManifest.xml:112:9-115:20
	android:name
		ADDED from src/main/AndroidManifest.xml:113:14-68
activity#com.ipcamera.demo.SensorListActivty
ADDED from src/main/AndroidManifest.xml:116:9-119:20
	android:name
		ADDED from src/main/AndroidManifest.xml:117:13-63
activity#com.ipcamera.demo.SensorStartCodeActivity
ADDED from src/main/AndroidManifest.xml:120:9-123:20
	android:name
		ADDED from src/main/AndroidManifest.xml:121:13-69
activity#com.ipcamera.demo.EditSensorActivity
ADDED from src/main/AndroidManifest.xml:124:10-127:20
	android:name
		ADDED from src/main/AndroidManifest.xml:125:13-64
activity#com.ipcamera.demo.ShowLocalVideoActivity
ADDED from src/main/AndroidManifest.xml:129:10-132:20
	android:name
		ADDED from src/main/AndroidManifest.xml:130:14-69
activity#com.ipcamera.demo.PlayActivity
ADDED from src/main/AndroidManifest.xml:133:9-137:20
	android:label
		ADDED from src/main/AndroidManifest.xml:135:13-33
	android:configChanges
		ADDED from src/main/AndroidManifest.xml:134:13-63
	android:name
		ADDED from src/main/AndroidManifest.xml:136:13-58
activity#com.ipcamera.demo.SettingWifiActivity
ADDED from src/main/AndroidManifest.xml:138:9-145:20
	android:screenOrientation
		ADDED from src/main/AndroidManifest.xml:143:13-49
	android:label
		ADDED from src/main/AndroidManifest.xml:140:13-40
	android:launchMode
		ADDED from src/main/AndroidManifest.xml:141:13-44
	android:windowSoftInputMode
		ADDED from src/main/AndroidManifest.xml:144:13-52
	android:configChanges
		ADDED from src/main/AndroidManifest.xml:139:13-63
	android:name
		ADDED from src/main/AndroidManifest.xml:142:13-65
activity#com.ipcamera.demo.StartActivity
ADDED from src/main/AndroidManifest.xml:146:9-157:20
	android:screenOrientation
		ADDED from src/main/AndroidManifest.xml:150:13-49
	android:label
		ADDED from src/main/AndroidManifest.xml:148:13-45
	android:windowSoftInputMode
		ADDED from src/main/AndroidManifest.xml:151:13-52
	android:configChanges
		ADDED from src/main/AndroidManifest.xml:147:13-63
	android:name
		ADDED from src/main/AndroidManifest.xml:149:13-59
intent-filter#android.intent.action.MAIN+android.intent.category.LAUNCHER
ADDED from src/main/AndroidManifest.xml:152:13-156:29
action#android.intent.action.MAIN
ADDED from src/main/AndroidManifest.xml:153:17-69
	android:name
		ADDED from src/main/AndroidManifest.xml:153:25-66
category#android.intent.category.LAUNCHER
ADDED from src/main/AndroidManifest.xml:155:17-77
	android:name
		ADDED from src/main/AndroidManifest.xml:155:27-74
service#com.ipcamera.demo.BridgeService
ADDED from src/main/AndroidManifest.xml:159:9-75
	android:name
		ADDED from src/main/AndroidManifest.xml:159:18-64
activity#com.ipcamera.demo.IpConnectActivity
ADDED from src/main/AndroidManifest.xml:161:9-81
	android:name
		ADDED from src/main/AndroidManifest.xml:161:19-69
meta-data#PUSH_APPID
ADDED from src/main/AndroidManifest.xml:164:9-166:53
	android:value
		ADDED from src/main/AndroidManifest.xml:166:13-51
	android:name
		ADDED from src/main/AndroidManifest.xml:165:13-38
meta-data#PUSH_APPKEY
ADDED from src/main/AndroidManifest.xml:167:9-169:53
	android:value
		ADDED from src/main/AndroidManifest.xml:169:13-51
	android:name
		ADDED from src/main/AndroidManifest.xml:168:13-39
meta-data#PUSH_APPSECRET
ADDED from src/main/AndroidManifest.xml:170:9-172:53
	android:value
		ADDED from src/main/AndroidManifest.xml:172:13-51
	android:name
		ADDED from src/main/AndroidManifest.xml:171:13-42
service#com.igexin.sdk.PushService
ADDED from src/main/AndroidManifest.xml:175:9-183:19
	android:process
		ADDED from src/main/AndroidManifest.xml:179:13-43
	android:label
		ADDED from src/main/AndroidManifest.xml:178:13-47
	android:exported
		ADDED from src/main/AndroidManifest.xml:177:13-36
	android:name
		ADDED from src/main/AndroidManifest.xml:176:13-54
intent-filter#com.igexin.sdk.action.service.message
ADDED from src/main/AndroidManifest.xml:180:13-182:29
action#com.igexin.sdk.action.service.message
ADDED from src/main/AndroidManifest.xml:181:17-79
	android:name
		ADDED from src/main/AndroidManifest.xml:181:25-77
receiver#com.igexin.sdk.PushReceiver
ADDED from src/main/AndroidManifest.xml:185:9-196:20
	android:name
		ADDED from src/main/AndroidManifest.xml:186:13-55
intent-filter#android.intent.action.ACTION_POWER_CONNECTED+android.intent.action.ACTION_POWER_DISCONNECTED+android.intent.action.BOOT_COMPLETED+android.intent.action.MEDIA_MOUNTED+android.intent.action.USER_PRESENT+android.net.conn.CONNECTIVITY_CHANGE+com.igexin.sdk.action.refreshls
ADDED from src/main/AndroidManifest.xml:187:13-195:29
action#android.intent.action.BOOT_COMPLETED
ADDED from src/main/AndroidManifest.xml:188:17-78
	android:name
		ADDED from src/main/AndroidManifest.xml:188:25-76
action#android.net.conn.CONNECTIVITY_CHANGE
ADDED from src/main/AndroidManifest.xml:189:17-78
	android:name
		ADDED from src/main/AndroidManifest.xml:189:25-76
action#android.intent.action.USER_PRESENT
ADDED from src/main/AndroidManifest.xml:190:17-76
	android:name
		ADDED from src/main/AndroidManifest.xml:190:25-74
action#com.igexin.sdk.action.refreshls
ADDED from src/main/AndroidManifest.xml:191:17-73
	android:name
		ADDED from src/main/AndroidManifest.xml:191:25-71
action#android.intent.action.MEDIA_MOUNTED
ADDED from src/main/AndroidManifest.xml:192:17-77
	android:name
		ADDED from src/main/AndroidManifest.xml:192:25-75
action#android.intent.action.ACTION_POWER_CONNECTED
ADDED from src/main/AndroidManifest.xml:193:17-86
	android:name
		ADDED from src/main/AndroidManifest.xml:193:25-84
action#android.intent.action.ACTION_POWER_DISCONNECTED
ADDED from src/main/AndroidManifest.xml:194:17-89
	android:name
		ADDED from src/main/AndroidManifest.xml:194:25-87
service#com.ipcamera.demo.DemoIntentService
ADDED from src/main/AndroidManifest.xml:197:9-70
	android:name
		ADDED from src/main/AndroidManifest.xml:197:18-68
service#com.ipcamera.demo.DemoPushService
ADDED from src/main/AndroidManifest.xml:199:9-203:54
	android:process
		ADDED from src/main/AndroidManifest.xml:203:13-43
	android:label
		ADDED from src/main/AndroidManifest.xml:202:13-40
	android:exported
		ADDED from src/main/AndroidManifest.xml:201:13-36
	android:name
		ADDED from src/main/AndroidManifest.xml:200:13-61
uses-permission#android.permission.WAKE_LOCK
ADDED from src/main/AndroidManifest.xml:212:5-67
	android:name
		ADDED from src/main/AndroidManifest.xml:212:22-65
uses-permission#android.permission.RECEIVE_BOOT_COMPLETED
ADDED from src/main/AndroidManifest.xml:213:5-80
	android:name
		ADDED from src/main/AndroidManifest.xml:213:22-78
uses-permission#android.permission.GET_TASKS
ADDED from src/main/AndroidManifest.xml:216:5-67
	android:name
		ADDED from src/main/AndroidManifest.xml:216:22-65
uses-permission#android.permission.BLUETOOTH
ADDED from src/main/AndroidManifest.xml:218:5-67
	android:name
		ADDED from src/main/AndroidManifest.xml:218:22-65
uses-permission#android.permission.BLUETOOTH_ADMIN
ADDED from src/main/AndroidManifest.xml:219:5-73
	android:name
		ADDED from src/main/AndroidManifest.xml:219:22-71
uses-permission#android.permission.ACCESS_FINE_LOCATION
ADDED from src/main/AndroidManifest.xml:221:5-78
	android:name
		ADDED from src/main/AndroidManifest.xml:221:22-76
uses-permission#android.permission.SYSTEM_ALERT_WINDOW
ADDED from src/main/AndroidManifest.xml:224:5-77
	android:name
		ADDED from src/main/AndroidManifest.xml:224:22-75